a3-migrated-live-article-p1-02-03-2022-1 : /content/telegraph/football/2021/11/30/newcastle-united-vs-norwich-city-premier-league-live-score-latest/jcr:content
a3-migrated-live-article-p1-02-03-2022-1 : /content/telegraph/cricket/2021/12/19/australia-vs-england-ashes-2021-22-live-score-day-four-second/jcr:content
a3-migrated-live-article-p1-02-03-2022-1 : /content/telegraph/sport/2021/12/19/sports-personality-year-2021-results-live-updates-bbc-winner/jcr:content
a3-migrated-live-article-p1-02-03-2022-1 : /content/telegraph/travel/news/covid-travel-news-restrictions-test-uk-rules-holiday-pcr/jcr:content
a3-migrated-live-article-p1-02-03-2022-1 : /content/telegraph/cricket/2021/12/25/australia-vs-england-ashes-2021-22-live-score-updates-third/jcr:content
a3-migrated-live-article-p1-02-03-2022-1 : /content/telegraph/football/2021/12/27/newcastle-manchester-united-live-score-latest-updates-premier/jcr:content
a3-migrated-live-article-p1-02-03-2022-1 : /content/telegraph/football/2022/01/01/arsenal-v-manchester-city-premier-league-live-score-latest-updates/jcr:content
a3-migrated-live-article-p1-02-03-2022-1 : /content/telegraph/football/2022/01/02/everton-brighton-leeds-burnley-premier-league-live-score-goals/jcr:content
a3-migrated-live-article-p1-02-03-2022-1 : /content/telegraph/darts/2022/01/03/michael-smith-peter-wright-live-darts-final-2022-pdc-world-championship/jcr:content
a3-migrated-live-article-p1-02-03-2022-1 : /content/telegraph/politics/2022/01/04/boris-johnson-politics-news-blair-nhs-restrictions-brexit/jcr:content
a3-migrated-live-article-p1-02-03-2022-1 : /content/telegraph/global-health/science-and-disease/covid-news-coronavirus-pcr-tests-plan-b-omicron-boosters/jcr:content
a3-migrated-live-article-p1-02-03-2022-1 : /content/telegraph/politics/2022/01/06/boris-johnson-energy-crisis-travel-testing-rules-isolation/jcr:content
a3-migrated-live-article-p1-02-03-2022-1 : /content/telegraph/global-health/science-and-disease/covid-latest-news-rules-test-vaccine-booster-nhs-omicron/jcr:content
a3-migrated-live-article-p1-02-03-2022-1 : /content/telegraph/cricket/2022/01/08/australia-vs-england-ashes-2021-22-live-score-updates-fourth/jcr:content
a3-migrated-live-article-p1-02-03-2022-1 : /content/telegraph/football/2022/01/09/nottingham-forest-vs-arsenal-fa-cup-live-score-latest-updates/jcr:content
a3-migrated-live-article-p1-02-03-2022-1 : /content/telegraph/football/2022/01/09/west-ham-vs-leeds-united-fa-cup-live-score-latest-updates/jcr:content
a3-migrated-live-article-p1-02-03-2022-1 : /content/telegraph/travel/news/travel-latest-restrictions-pcr-tests-lateral-flow-holiday-booking/jcr:content
a3-migrated-live-article-p1-02-03-2022-1 : /content/telegraph/travel/news/covid-travel-news-italy-holiday-bookings-destinations-2022/jcr:content
a3-migrated-live-article-p1-02-03-2022-1 : /content/telegraph/tennis/2022/01/11/andy-murray-vs-viktor-durasovic-live-australian-open-sydney/jcr:content
a3-migrated-live-article-p1-02-03-2022-1 : /content/telegraph/business/2022/01/11/ftse-100-markets-live-news-pound-energy-price-inflation/jcr:content
a3-migrated-live-article-p1-02-03-2022-1 : /content/telegraph/football/2022/01/11/southampton-v-brentford-premier-league-live-score-latest/jcr:content
a3-migrated-live-article-p1-02-03-2022-1 : /content/telegraph/politics/2022/01/12/boris-johnson-news-downing-street-party-labour-pmqs/jcr:content
a3-migrated-live-article-p1-02-03-2022-1 : /content/telegraph/football/2022/01/12/west-ham-vs-norwich-city-live-premier-league-score-latest-updates/jcr:content
a3-migrated-live-article-p1-02-03-2022-1 : /content/telegraph/football/2022/01/12/tottenham-vs-chelsea-live-carabao-cup-semi-latest/jcr:content
a3-migrated-live-article-p1-02-03-2022-1 : /content/telegraph/global-health/science-and-disease/covid-latest-news-self-isolation-testing-rules-vaccinations/jcr:content
a3-migrated-live-article-p1-02-03-2022-1 : /content/telegraph/world-news/2022/01/14/novak-djokovic-australian-open-visa-medical-exemption-covid/jcr:content
a3-migrated-live-article-p1-02-03-2022-1 : /content/telegraph/cricket/2022/01/15/australia-vs-england-ashes-202122-live-score-updates-fifth/jcr:content
a3-migrated-live-article-p1-02-03-2022-1 : /content/telegraph/business/2022/01/17/ftse-100-markets-live-news-shares-interest-energy/jcr:content
a3-migrated-live-article-p1-02-03-2022-1 : /content/telegraph/tennis/2022/01/18/emma-raducanu-vs-sloane-stephens-live-score-australian-open/jcr:content
a3-migrated-live-article-p1-02-03-2022-1 : /content/telegraph/global-health/science-and-disease/covid-latest-news-new-todays-cases-restrictions-isolation/jcr:content
a3-migrated-live-article-p1-02-03-2022-1 : /content/telegraph/business/2022/01/18/markets-live-latest-coronavirus-news-pound-euro-ftse-100/jcr:content
a3-migrated-live-article-p1-02-03-2022-1 : /content/telegraph/business/2022/01/19/ftse-100-markets-live-news-pound-share-price-inflation/jcr:content
a3-migrated-live-article-p1-02-03-2022-1 : /content/telegraph/tennis/2022/01/20/andy-murray-vs-taro-daniel-live-score-australian-open-2022/jcr:content
a3-migrated-live-article-p1-02-03-2022-1 : /content/telegraph/cricket/2022/01/20/australia-vs-england-womens-ashes-2022-first-t20-live-score/jcr:content
a3-migrated-live-article-p1-02-03-2022-1 : /content/telegraph/football/2022/01/23/crystal-palace-vs-liverpool-premier-league-live-score-latest/jcr:content
a3-migrated-live-article-p1-02-03-2022-1 : /content/telegraph/tennis/2022/01/25/ashleigh-barty-vsjessica-pegula-live-score-australian-open-2022/jcr:content
a3-migrated-live-article-p1-02-03-2022-1 : /content/telegraph/politics/2022/01/25/boris-johnson-news-birthday-party-sue-gray-nusrat-ghani/jcr:content
a3-migrated-live-article-p1-02-03-2022-1 : /content/telegraph/politics/2022/01/27/sue-gray-report-release-boris-johnson-parties-latest/jcr:content
a3-migrated-live-article-p1-02-03-2022-1 : /content/telegraph/business/2022/01/27/ftse-100-markets-live-news-national-insurance-interest-tesla/jcr:content
a3-migrated-live-article-p1-02-03-2022-1 : /content/telegraph/tennis/2022/01/29/ashleigh-barty-vs-danielle-collins-australian-open-final-live/jcr:content
a3-migrated-live-article-p1-02-03-2022-1 : /content/telegraph/business/2021/11/22/ftse-100-markets-live-news-share-prices-pound-bitcoin/jcr:content
a3-migrated-live-article-p1-02-03-2022-1 : /content/telegraph/politics/2021/11/23/boris-johnson-news-brexit-social-care-cbi-taxes-priti-patel/jcr:content
a3-migrated-live-article-p1-02-03-2022-1 : /content/telegraph/world-news/2021/11/23/covid-latest-news-angela-merkels-husband-blasts-lazy-germans/jcr:content
a3-migrated-live-article-p1-02-03-2022-1 : /content/telegraph/rugby-union/2021/11/20/england-v-south-africa-live-score-autumn-internationals-2021/jcr:content
a3-migrated-live-article-p1-02-03-2022-1 : /content/telegraph/business/2021/11/25/ftse-100-markets-live-news-tube-strike-supply-chain/jcr:content
a3-migrated-live-article-p1-02-03-2022-1 : /content/telegraph/business/2021/11/26/ftse-100-markets-live-news-pound-price-investment/jcr:content
a3-migrated-live-article-p1-02-03-2022-1 : /content/telegraph/football/2021/11/28/manchester-city-west-ham-premier-league-live-score-latest-updates/jcr:content
a3-migrated-live-article-p1-02-03-2022-1 : /content/telegraph/football/2021/11/27/arsenal-vs-newcastle-live-score-premier-league-latest-updates/jcr:content
a3-migrated-live-article-p1-02-03-2022-1 : /content/telegraph/politics/2021/11/30/boris-johnson-news-covid-rules-migrant-crisis-labour-party/jcr:content
a3-migrated-live-article-p1-02-03-2022-1 : /content/telegraph/global-health/science-and-disease/covid-news-coronavirus-omicron-variant-cases-booster-lockdown/jcr:content
a3-migrated-live-article-p1-02-03-2022-1 : /content/telegraph/world-news/2021/11/24/covid-news-coronavirus-cases-deaths-lockdown-vaccine/jcr:content
a3-migrated-live-article-p1-02-03-2022-1 : /content/telegraph/global-health/science-and-disease/covid-news-cases-deaths-booster-jab-coronavirus-omicron/jcr:content
a3-migrated-live-article-p1-02-03-2022-1 : /content/telegraph/football/2021/12/01/aston-villa-vs-manchester-city-live-premier-league-score-latest/jcr:content
a3-migrated-live-article-p1-02-03-2022-1 : /content/telegraph/football/2021/12/01/watford-vs-chelsea-live-premier-league-score-latest-updates/jcr:content
a3-migrated-live-article-p1-02-03-2022-1 : /content/telegraph/football/2021/12/01/everton-vs-liverpool-premier-league-live-score-latest-updates/jcr:content
a3-migrated-live-article-p1-02-03-2022-1 : /content/telegraph/politics/2021/12/02/boris-johnson-news-sajid-javid-booster-rollout-france-brexit/jcr:content
a3-migrated-live-article-p1-02-03-2022-1 : /content/telegraph/world-news/2021/12/03/covid-news-coronavirus-omicron-cases-booster-vaccine-lockdown/jcr:content
a3-migrated-live-article-p1-02-03-2022-1 : /content/telegraph/business/2021/11/10/ftse-100-index-markets-live-news-money-prices-latest/jcr:content
a3-migrated-live-article-p1-02-03-2022-1 : /content/telegraph/formula-1/2021/12/05/saudi-arabia-grand-prix-f1-2021-live-race-results-hamilton/jcr:content
a3-migrated-live-article-p1-02-03-2022-1 : /content/telegraph/world-news/2021/12/07/covid-news-vaccine-coronavirus-omicron-booster-jab-lockdown/jcr:content
a3-migrated-live-article-p1-02-03-2022-1 : /content/telegraph/news/2021/12/08/storm-barra-latest-news-flood-rain-power-cut-traffic-updates/jcr:content
a3-migrated-live-article-p1-02-03-2022-1 : /content/telegraph/football/2021/12/08/zenit-st-petersburg-vs-chelsea-champions-league-live-score-latest/jcr:content
a3-migrated-live-article-p1-02-03-2022-1 : /content/telegraph/news/2021/12/08/ghislaine-maxwell-trial-latest-news-jeffrey-epstein-andrew-wealth/jcr:content
a3-migrated-live-article-p1-02-03-2022-1 : /content/telegraph/politics/2021/12/09/boris-johnson-news-plan-b-downing-street-christmas-party/jcr:content
a3-migrated-live-article-p1-02-03-2022-1 : /content/telegraph/global-health/science-and-disease/covid-news-plan-b-rules-restrictions-lockdown-omicron-cases/jcr:content
a3-migrated-live-article-p1-02-03-2022-1 : /content/telegraph/football/2021/12/09/west-ham-vs-dinamo-zagreb-live-score-europa-league-latest-updates/jcr:content
a3-migrated-live-article-p1-02-03-2022-1 : /content/telegraph/football/2021/12/12/crystal-palace-everton-live-score-latest-updates-premier-league/jcr:content
a3-migrated-live-article-p1-02-03-2022-1 : /content/telegraph/formula-1/2021/12/13/abu-dhabi-grand-prix-2021-live-f1-race-hamilton-verstappen-title/jcr:content
a3-migrated-live-article-p1-02-03-2022-1 : /content/telegraph/business/2021/12/13/ftse-100-markets-live-news-bank-england-omicron-economy-latest/jcr:content
a3-migrated-live-article-p1-02-03-2022-1 : /content/telegraph/travel/news/covid-travel-news-restrictions-uk-red-list-quarantine/jcr:content
a3-migrated-live-article-p1-02-03-2022-1 : /content/telegraph/politics/2021/12/14/boris-johnson-news-covid-vaccine-passport-vote-tory-rebellion/jcr:content
a3-migrated-live-article-p1-02-03-2022-1 : /content/telegraph/travel/news/covid-travel-pass-news-test-restrictions-update-red-list/jcr:content
a3-migrated-live-article-p1-02-03-2022-1 : /content/telegraph/football/2021/12/15/arsenal-vs-west-ham-united-live-premier-league-score-latest/jcr:content
a3-migrated-live-article-p1-02-03-2022-1 : /content/telegraph/politics/2021/12/16/boris-johnson-news-christmas-latest-north-shropshire-tory-mps/jcr:content
a3-migrated-live-article-p1-02-03-2022-1 : /content/telegraph/business/2021/12/16/ftse-100-markets-live-news-pound-pension-inflation-banks/jcr:content
a3-migrated-live-article-p1-02-03-2022-1 : /content/telegraph/football/2021/12/16/uefa-nations-league-draw-live-latest-updates-england-scotland/jcr:content
a3-migrated-live-article-p1-02-03-2022-1 : /content/telegraph/football/2021/12/16/chelsea-vs-everton-live-premier-league-score-latest-updates/jcr:content
a3-migrated-live-article-p1-02-03-2022-1 : /content/telegraph/football/2021/12/16/liverpool-vs-newcastle-united-premier-league-live-score-latest/jcr:content
a3-migrated-live-article-p1-02-03-2022-1 : /content/telegraph/travel/news/covid-travel-latest-rules-france-uk-restrictions-test-christmas/jcr:content
a3-migrated-live-article-p1-02-03-2022-1 : /content/telegraph/world-news/2021/12/17/ghislaine-maxwell-trial-latest-news-epstein-andrew-court-live/jcr:content
a3-migrated-live-article-p1-02-03-2022-1 : /content/telegraph/cricket/2021/12/18/australia-vs-england-ashes-2021-22-live-score-day-three-second/jcr:content
a3-migrated-live-article-p1-02-03-2022-1 : /content/telegraph/global-health/science-and-disease/covid-news-coronavirus-christmas-omicron-cases-booster-test1/jcr:content
a3-migrated-live-article-p1-02-03-2022-1 : /content/telegraph/travel/news/covid-travel-latest-netherlands-restrictions-christmas-test/jcr:content
a3-migrated-live-article-p1-02-03-2022-1 : /content/telegraph/cricket/2021/12/26/australia-vs-england-ashes-2021-22-live-score-day-two-third/jcr:content
a3-migrated-live-article-p1-02-03-2022-1 : /content/telegraph/global-health/science-and-disease/covid-latest-test-trace-lateral-flow-self-isolation-rules-omicron/jcr:content
a3-migrated-live-article-p1-02-03-2022-1 : /content/telegraph/travel/news/travel-news-holiday-bookings-tests-flights-pcr-lateral-flow/jcr:content
a3-migrated-live-article-p1-02-03-2022-1 : /content/telegraph/tennis/2022/01/11/emma-raducanu-vs-elena-rybakina-live-score-australian-open-sydney/jcr:content
a3-migrated-live-article-p1-02-03-2022-1 : /content/telegraph/global-health/science-and-disease/covid-latest-news-lateral-flow-coronavirus-vaccine-booster-omicron/jcr:content
a3-migrated-live-article-p1-02-03-2022-1 : /content/telegraph/global-health/science-and-disease/covid-latest-news-booster-vaccine-nhs-rules-restrictions-omicron1/jcr:content
a3-migrated-live-article-p1-02-03-2022-1 : /content/telegraph/royal-family/2022/01/12/prince-andrew-judge-settlement-deal-jeffrey-epstein-virginia/jcr:content
a3-migrated-live-article-p1-02-03-2022-1 : /content/telegraph/politics/2022/01/13/boris-johnson-news-downing-street-party-rishi-sunak-brexit/jcr:content
a3-migrated-live-article-p1-02-03-2022-1 : /content/telegraph/travel/news/covid-travel-news-france-travel-restrictions-vaccine-pcr-rules/jcr:content
a3-migrated-live-article-p1-02-03-2022-1 : /content/telegraph/cricket/2022/01/14/australia-vs-england-ashes-2021-22-live-score-updates-fifth/jcr:content
a3-migrated-live-article-p1-02-03-2022-1 : /content/telegraph/tennis/2022/01/15/aslan-karatsev-vs-andy-murray-live-score-sydney-final-australian/jcr:content
a3-migrated-live-article-p1-02-03-2022-1 : /content/telegraph/football/2022/01/15/aston-villa-vs-manchester-united-live-score-premier-league-latest/jcr:content
a3-migrated-live-article-p1-02-03-2022-1 : /content/telegraph/world-news/2022/01/15/texas-synagogue-man-english-accent-holding-congregation-hostage/jcr:content
a3-migrated-live-article-p1-02-03-2022-1 : /content/telegraph/politics/2022/01/17/boris-johnson-news-downing-street-parties-sue-gray/jcr:content
a3-migrated-live-article-p1-02-03-2022-1 : /content/telegraph/rugby-union/2022/01/18/england-squad-announcement-live-six-nations-news-eddie-jones/jcr:content
a3-migrated-live-article-p1-02-03-2022-1 : /content/telegraph/global-health/science-and-disease/covid-latest-news-coronavirus-restrictions-tests-cases-vaccine/jcr:content
a3-migrated-live-article-p1-02-03-2022-1 : /content/telegraph/politics/2022/01/20/boris-johnson-pm-no-confidence-david-davis-cummings/jcr:content
a3-migrated-live-article-p1-02-03-2022-1 : /content/telegraph/business/2022/01/20/ftse-100-markets-live-news-inflation-pound-euro-rates/jcr:content
a3-migrated-live-article-p1-02-03-2022-1 : /content/telegraph/cricket/2022/01/22/west-indies-vs-england-first-t20-live-score-latest-updates-barbados/jcr:content
a3-migrated-live-article-p1-02-03-2022-1 : /content/telegraph/football/2022/01/22/everton-vs-aston-villa-premier-league-live-updates-latest-score/jcr:content
a3-migrated-live-article-p1-02-03-2022-1 : /content/telegraph/football/2022/01/22/southampton-vs-manchester-city-premier-league-live-score-latest/jcr:content
a3-migrated-live-article-p1-02-03-2022-1 : /content/telegraph/business/2022/01/24/markets-live-latest-coronavirus-news-pound-euro-ftse-100/jcr:content
a3-migrated-live-article-p1-02-03-2022-1 : /content/telegraph/news/2022/01/24/uk-withdraw-ukraine-embassy-russia-putin-staff-invasion/jcr:content
a3-migrated-live-article-p1-02-03-2022-1 : /content/telegraph/tennis/2022/01/25/gael-monfils-vsmatteo-berrettini-live-score-australian-open/jcr:content
a3-migrated-live-article-p1-02-03-2022-1 : /content/telegraph/business/2022/01/25/ftse-100-markets-live-news-covid-borrowing-national-insurance/jcr:content
a3-migrated-live-article-p1-02-03-2022-1 : /content/telegraph/tennis/2022/01/26/australian-open-2022-live-score-felix-auger-aliassime-vs-daniil/jcr:content
a3-migrated-live-article-p1-02-03-2022-1 : /content/telegraph/world-news/2022/01/26/russia-ukraine-putin-latest-news-invasion-war-nato-uk/jcr:content
a3-migrated-live-article-p1-02-03-2022-1 : /content/telegraph/world-news/2022/01/28/ukraine-crisis-russia-invasion-war-nato-nord-stream-2/jcr:content
a3-migrated-live-article-p1-02-03-2022-1 : /content/telegraph/cricket/2022/01/29/west-indies-vs-england-fourth-t20-live-score-latest-updates/jcr:content
a3-migrated-live-article-p1-02-03-2022-1 : /content/telegraph/politics/2021/11/22/boris-johnson-social-care-sajid-javid-northern-ireland-brexit/jcr:content
a3-migrated-live-article-p1-02-03-2022-1 : /content/telegraph/world-news/2021/11/22/covid-latest-news-austria-plunged-lockdown-violent-protests/jcr:content
a3-migrated-live-article-p1-02-03-2022-1 : /content/telegraph/business/2021/11/23/ftse-100-markets-live-news-bulb-energy-brexit-bitcoin/jcr:content
a3-migrated-live-article-p1-02-03-2022-1 : /content/telegraph/politics/2021/11/24/brexit-boris-johnson-rishi-sunak-pmqs-keir-starmer-migrants/jcr:content
a3-migrated-live-article-p1-02-03-2022-1 : /content/telegraph/world-news/2021/11/25/covid-latest-news-coronavirus-covid-19-deaths-lockdown-vaccine/jcr:content
a3-migrated-live-article-p1-02-03-2022-1 : /content/telegraph/politics/2021/11/25/politics-latest-news-brexit-boris-johnson-priti-patel-calais/jcr:content
a3-migrated-live-article-p1-02-03-2022-1 : /content/telegraph/football/2021/11/28/burnley-vs-tottenham-live-score-premier-league-latest-updates/jcr:content
a3-migrated-live-article-p1-02-03-2022-1 : /content/telegraph/global-health/science-and-disease/covid-news-coronavirus-omicron-variant-cases-rules-booster-jabs/jcr:content
a3-migrated-live-article-p1-02-03-2022-1 : /content/telegraph/football/2021/11/30/leeds-united-vs-crystal-palace-premier-league-live-score-latest/jcr:content
a3-migrated-live-article-p1-02-03-2022-1 : /content/telegraph/business/2021/12/01/ftse-100-markets-live-news-inflation-omicron-energy/jcr:content
a3-migrated-live-article-p1-02-03-2022-1 : /content/telegraph/global-health/science-and-disease/covid-news-coronavirus-omicron-cases-booster-jab-vaccine-lockdown/jcr:content
a3-migrated-live-article-p1-02-03-2022-1 : /content/telegraph/travel/news/coronavirus-travel-news-restrictions-guidance-advice-rules-covid/jcr:content
a3-migrated-live-article-p1-02-03-2022-1 : /content/telegraph/business/2021/12/02/ftse-100-index-markets-live-news-oil-omicron-eurozone/jcr:content
a3-migrated-live-article-p1-02-03-2022-1 : /content/telegraph/football/2021/12/02/manchester-united-vs-arsenal-live-score-latest-updates-premier/jcr:content
a3-migrated-live-article-p1-02-03-2022-1 : /content/telegraph/world-news/2021/12/01/ghislaine-maxwell-trial-latest-jeffrey-epstein-court-live/jcr:content
a3-migrated-live-article-p1-02-03-2022-1 : /content/telegraph/world-news/2021/11/30/ghislaine-maxwell-trial-jeffrey-epsteins-private-pilot-questioned/jcr:content
a3-migrated-live-article-p1-02-03-2022-1 : /content/telegraph/formula-1/2021/12/03/saudi-arabia-grand-prix-2021-practice-f1-live-hamilton-jeddah/jcr:content
a3-migrated-live-article-p1-02-03-2022-1 : /content/telegraph/football/2021/12/04/west-ham-vs-chelsea-live-score-premier-league-latest-updates/jcr:content
a3-migrated-live-article-p1-02-03-2022-1 : /content/telegraph/football/2021/12/05/arsenal-vs-chelsea-live-score-womens-fa-cup-final-2021-updates/jcr:content
a3-migrated-live-article-p1-02-03-2022-1 : /content/telegraph/football/2021/12/05/manchester-united-vs-crystal-palace-live-score-premier-league/jcr:content
a3-migrated-live-article-p1-02-03-2022-1 : /content/telegraph/travel/news/coronavirus-travel-news-restrictions-test-advice-rules-covid/jcr:content
a3-migrated-live-article-p1-02-03-2022-1 : /content/telegraph/travel/news/covid-travel-news-update-uk-rules-restrictions-isolate-quarantine/jcr:content
a3-migrated-live-article-p1-02-03-2022-1 : /content/telegraph/football/2021/12/08/manchester-united-vs-young-boys-champions-league-live-score/jcr:content
a3-migrated-live-article-p1-02-03-2022-1 : /content/telegraph/cricket/2021/12/08/australia-vs-england-ashes-2021-22-live-score-updates-day-two/jcr:content
a3-migrated-live-article-p1-02-03-2022-1 : /content/telegraph/formula-1/2021/12/09/lewis-hamilton-max-verstappen-live-abu-dhabi-grand-prix-press/jcr:content
a3-migrated-live-article-p1-02-03-2022-1 : /content/telegraph/cricket/2021/12/09/australia-vs-england-ashes-2021-22-live-score-latest-updates/jcr:content
a3-migrated-live-article-p1-02-03-2022-1 : /content/telegraph/football/2021/12/09/napoli-vs-leicester-live-score-europa-league-latest-updates/jcr:content
a3-migrated-live-article-p1-02-03-2022-1 : /content/telegraph/world-news/2021/12/09/ghislaine-maxwell-trial-live-latest-updates-jeffrey-epstein/jcr:content
a3-migrated-live-article-p1-02-03-2022-1 : /content/telegraph/politics/2021/12/10/boris-johnson-news-tory-rebellion-downing-street-christmas-party/jcr:content
a3-migrated-live-article-p1-02-03-2022-1 : /content/telegraph/formula-1/2021/12/11/abu-dhabi-grand-prix-2021-practice-f1-live-hamilton-verstappen/jcr:content
a3-migrated-live-article-p1-02-03-2022-1 : /content/telegraph/cricket/2021/12/10/australia-vs-england-ashes-2021-22-live-score-latest-updates/jcr:content
a3-migrated-live-article-p1-02-03-2022-1 : /content/telegraph/football/2021/12/11/manchester-city-vs-wolves-live-score-premier-league-latest-updates/jcr:content
a3-migrated-live-article-p1-02-03-2022-1 : /content/telegraph/football/2021/12/11/liverpool-chelsea-arsenal-premier-league-live-score-goals-clockwatch/jcr:content
a3-migrated-live-article-p1-02-03-2022-1 : /content/telegraph/formula-1/2021/12/11/abu-dhabi-grand-prix-2021-live-f1-qualifying-hamilton-verstappen/jcr:content
a3-migrated-live-article-p1-02-03-2022-1 : /content/telegraph/travel/news/covid-travel-news-restrictions-rules-advice-christmas-holidays/jcr:content
a3-migrated-live-article-p1-02-03-2022-1 : /content/telegraph/travel/news/covid-travel-news-restrictions-update-red-list-advice/jcr:content
a3-migrated-live-article-p1-02-03-2022-1 : /content/telegraph/politics/2021/12/13/boris-johnson-news-conservative-mps-boosters-sajid-javid/jcr:content
a3-migrated-live-article-p1-02-03-2022-1 : /content/telegraph/football/2021/12/13/champions-league-draw-live-manchester-united-liverpool-chelsea/jcr:content
a3-migrated-live-article-p1-02-03-2022-1 : /content/telegraph/politics/2021/12/15/boris-johnson-news-tory-rebellion-labour-covid-pass-shropshire/jcr:content
a3-migrated-live-article-p1-02-03-2022-1 : /content/telegraph/cricket/2021/12/16/australia-vs-england-ashes-2021-22-live-score-updates-second/jcr:content
a3-migrated-live-article-p1-02-03-2022-1 : /content/telegraph/world-news/2021/12/16/ghislaine-maxwell-trial-latest-live-news-epstein-andrew-court/jcr:content
a3-migrated-live-article-p1-02-03-2022-1 : /content/telegraph/football/2021/12/18/leeds-vs-arsenal-live-score-premier-league-latest-updates/jcr:content
a3-migrated-live-article-p1-02-03-2022-1 : /content/telegraph/football/2021/12/19/newcastle-vs-manchester-city-live-score-premier-league-latest/jcr:content
a3-migrated-live-article-p1-02-03-2022-1 : /content/telegraph/global-health/science-and-disease/covid-news-coronavirus-omicron-uk-lockdown-christmas-cases-booster/jcr:content
a3-migrated-live-article-p1-02-03-2022-1 : /content/telegraph/football/2021/12/19/tottenham-vs-liverpool-live-score-premier-league-latest-updates/jcr:content
a3-migrated-live-article-p1-02-03-2022-1 : /content/telegraph/global-health/science-and-disease/coronavirus-omicron-christmas-lockdown-uk-booster-shot-infections/jcr:content
a3-migrated-live-article-p1-02-03-2022-1 : /content/telegraph/travel/news/covid-travel-news-test-uk-rules-restrictions-holiday-pcr/jcr:content
a3-migrated-live-article-p1-02-03-2022-1 : /content/telegraph/world-news/2021/12/21/ghislaine-maxwell-news-latest-trial-verdict-epstein-jury-live/jcr:content
a3-migrated-live-article-p1-02-03-2022-1 : /content/telegraph/football/2021/12/21/arsenal-sunderland-live-score-carabao-cup-latest-updates/jcr:content
a3-migrated-live-article-p1-02-03-2022-1 : /content/telegraph/business/2021/12/21/ftse-100-markets-live-news-pound-share-price-latest/jcr:content
a3-migrated-live-article-p1-02-03-2022-1 : /content/telegraph/business/2021/12/22/ftse-100-markets-live-news-covid-grants-economy-bitcoin/jcr:content
a3-migrated-live-article-p1-02-03-2022-1 : /content/telegraph/football/2021/12/22/tottenham-hotspur-vs-west-ham-live-score-carabao-cup-latest/jcr:content
a3-migrated-live-article-p1-02-03-2022-1 : /content/telegraph/global-health/science-and-disease/covid-news-booster-vaccine-cases-christmas-restrictions-omicron/jcr:content
a3-migrated-live-article-p1-02-03-2022-1 : /content/telegraph/business/2021/12/23/ftse-100-markets-live-news-gas-price-covid-grants/jcr:content
a3-migrated-live-article-p1-02-03-2022-1 : /content/telegraph/travel/news/travel-latest-covid-christmas-red-list-borders-closed/jcr:content
a3-migrated-live-article-p1-02-03-2022-1 : /content/telegraph/football/2021/12/26/aston-villa-vs-chelsea-live-score-premier-league-latest-updates/jcr:content
a3-migrated-live-article-p1-02-03-2022-1 : /content/telegraph/football/2022/01/01/watford-vs-tottenham-premier-league-live-score-latest-updates/jcr:content
a3-migrated-live-article-p1-02-03-2022-1 : /content/telegraph/global-health/science-and-disease/covid-news-omicron-tests-lateral-flow-vaccine-schools-cases/jcr:content
a3-migrated-live-article-p1-02-03-2022-1 : /content/telegraph/world-news/2022/01/04/prince-andrew-latest-news-virginia-giuffre-epstein-live/jcr:content
a3-migrated-live-article-p1-02-03-2022-1 : /content/telegraph/travel/news/travel-latest-covid-restrictions-2022-holiday-pcr-test/jcr:content
a3-migrated-live-article-p1-02-03-2022-1 : /content/telegraph/travel/news/covid-travel-update-review-restrictions-rules-pre-departure/jcr:content
a3-migrated-live-article-p1-02-03-2022-1 : /content/telegraph/global-health/science-and-disease/covid-latest-news-rules-booster-isolation-restrictions-omicron/jcr:content
a3-migrated-live-article-p1-02-03-2022-1 : /content/telegraph/politics/2022/01/14/boris-johnson-downing-street-parties-leadership-james-slack/jcr:content
a3-migrated-live-article-p1-02-03-2022-1 : /content/telegraph/football/2022/01/14/brighton-v-crystal-palace-premier-league-live-score-latest-updates/jcr:content
a3-migrated-live-article-p1-02-03-2022-1 : /content/telegraph/world-news/2022/01/15/novak-djokovic-latest-news-visa-hearing-appeal-court-australian/jcr:content
a3-migrated-live-article-p1-02-03-2022-1 : /content/telegraph/world-news/2022/01/16/novak-djokovic-latest-news-visa-appeal-australia-court/jcr:content
a3-migrated-live-article-p1-02-03-2022-1 : /content/telegraph/football/2022/01/16/liverpool-vs-brentford-live-score-premier-league-latest-updates/jcr:content
a3-migrated-live-article-p1-02-03-2022-1 : /content/telegraph/politics/2022/01/16/politics-latest-newsboris-johnson-latest-news-party-downing/jcr:content
a3-migrated-live-article-p1-02-03-2022-1 : /content/telegraph/politics/2022/01/18/boris-johnson-party-sue-gray-cummings-downing-street/jcr:content
a3-migrated-live-article-p1-02-03-2022-1 : /content/telegraph/tennis/2022/01/19/naomi-osaka-vs-madison-brengle-live-score-australian-open-2022/jcr:content
a3-migrated-live-article-p1-02-03-2022-1 : /content/telegraph/football/2022/01/20/arsenal-vs-liverpool-carabao-cup-semi-final-live-score-second/jcr:content
a3-migrated-live-article-p1-02-03-2022-1 : /content/telegraph/business/2022/01/21/ftse-100-markets-live-news-inflation-pound-shares-pensions/jcr:content
a3-migrated-live-article-p1-02-03-2022-1 : /content/telegraph/rugby-union/2022/01/22/bath-vs-leinster-champions-cup-live-score-latest-updates/jcr:content
a3-migrated-live-article-p1-02-03-2022-1 : /content/telegraph/cricket/2022/01/23/west-indies-vs-england-second-t20-live-score-latest-updates/jcr:content
a3-migrated-live-article-p1-02-03-2022-1 : /content/telegraph/news/2022/01/25/paramedics-treat-number-people-bus-crashes-building-terrible/jcr:content
a3-migrated-live-article-p1-02-03-2022-1 : /content/telegraph/world-news/2022/01/25/russia-succeeding-sowing-panic-ukraine-says-top-security-official/jcr:content
a3-migrated-live-article-p1-02-03-2022-1 : /content/telegraph/business/2022/01/28/ftse-100-markets-live-news-national-insurance-increase/jcr:content
a3-migrated-live-article-p1-02-03-2022-1 : /content/telegraph/cricket/2022/01/30/west-indies-vs-england-fifth-t20-live-score-latest-barbados/jcr:content
a3-migrated-live-article-p1-02-03-2022-1 : /content/telegraph/world-news/2021/11/18/coronavirus-latest-news-germany-sends-patients-abroad-hospitals/jcr:content
a3-migrated-live-article-p1-02-03-2022-1 : /content/telegraph/football/2021/11/22/michael-carrick-press-conference-live-news-manchester-united/jcr:content
a3-migrated-live-article-p1-02-03-2022-1 : /content/telegraph/football/2021/11/23/chelsea-vs-juventus-champions-league-live-score-latest-updates/jcr:content
a3-migrated-live-article-p1-02-03-2022-1 : /content/telegraph/news/2021/11/24/20-migrants-die-boat-capsizes-channel-near-calais/jcr:content
a3-migrated-live-article-p1-02-03-2022-1 : /content/telegraph/politics/2021/11/26/brexit-boris-johnson-migrants-macron-priti-patel-channel/jcr:content
a3-migrated-live-article-p1-02-03-2022-1 : /content/telegraph/football/2021/11/28/chelsea-vs-manchester-united-live-score-latest-updates-premier/jcr:content
a3-migrated-live-article-p1-02-03-2022-1 : /content/telegraph/business/2021/11/29/ftse-100-index-markets-live-news-share-prices-omicron/jcr:content
a3-migrated-live-article-p1-02-03-2022-1 : /content/telegraph/football/2021/11/29/ballon-dor-ceremony-2021-live-latest-updates-winners-nominees/jcr:content
a3-migrated-live-article-p1-02-03-2022-1 : /content/telegraph/world-news/2021/11/29/ghislaine-maxwell-trial-live-news-epstein-andrew-updates/jcr:content
a3-migrated-live-article-p1-02-03-2022-1 : /content/telegraph/football/2021/12/26/brighton-vs-brentford-live-score-premier-league-latest-updates/jcr:content
a3-migrated-live-article-p1-02-03-2022-1 : /content/telegraph/global-health/science-and-disease/covid-latest-news-cases-rules-restrictions-omicron-isolation/jcr:content
a3-migrated-live-article-p1-02-03-2022-1 : /content/telegraph/football/2021/12/29/chelsea-vs-brighton-live-premier-league-score-latest-updates/jcr:content
a3-migrated-live-article-p1-02-03-2022-1 : /content/telegraph/football/2021/12/30/manchester-united-vs-burnley-premier-league-live-score-latest/jcr:content
a3-migrated-live-article-p1-02-03-2022-1 : /content/telegraph/football/2022/01/03/manchester-united-wolves-live-score-latest-updates-premier-league/jcr:content
a3-migrated-live-article-p1-02-03-2022-1 : /content/telegraph/business/2022/01/04/markets-live-latest-coronavirus-news-pound-euro-ftse-100/jcr:content
a3-migrated-live-article-p1-02-03-2022-1 : /content/telegraph/business/2022/01/05/ftse-100-markets-live-news-pound-energy-gas-prices/jcr:content
a3-migrated-live-article-p1-02-03-2022-1 : /content/telegraph/global-health/science-and-disease/covid-news-rules-coronavirus-test-wales-vaccine-booster/jcr:content
a3-migrated-live-article-p1-02-03-2022-1 : /content/telegraph/cricket/2022/01/06/australia-vs-england-ashes-2021-22-live-score-updates-fourth/jcr:content
a3-migrated-live-article-p1-02-03-2022-1 : /content/telegraph/cricket/2022/01/07/australia-vs-england-ashes-2021-22-live-score-updates-fourth/jcr:content
a3-migrated-live-article-p1-02-03-2022-1 : /content/telegraph/football/2022/01/08/chelsea-vs-chesterfield-live-score-fa-cup-latest-updates/jcr:content
a3-migrated-live-article-p1-02-03-2022-1 : /content/telegraph/football/2022/01/08/hull-vs-everton-live-score-fa-cup-latest-updates/jcr:content
a3-migrated-live-article-p1-02-03-2022-1 : /content/telegraph/travel/news/covid-travel-restrictions-news-rules-pcr-tests-christmas-holidays/jcr:content
a3-migrated-live-article-p1-02-03-2022-1 : /content/telegraph/politics/2022/01/10/boris-johnson-news-covid-isolation-staff-shortages-rishi-sunak/jcr:content
a3-migrated-live-article-p1-02-03-2022-1 : /content/telegraph/football/2022/01/10/manchester-united-vs-aston-villa-live-score-fa-cup-latest-updates/jcr:content
a3-migrated-live-article-p1-02-03-2022-1 : /content/telegraph/tennis/2022/01/12/andy-murray-vs-nikoloz-basilashvili-live-score-australian-open/jcr:content
a3-migrated-live-article-p1-02-03-2022-1 : /content/telegraph/global-health/science-and-disease/covid-latest-news-rules-restrictions-isolation-booster-omicron/jcr:content
a3-migrated-live-article-p1-02-03-2022-1 : /content/telegraph/football/2021/11/02/malmo-vs-chelsea-champions-league-live-score-latest-updates/jcr:content
a3-migrated-live-article-p1-02-03-2022-1 : /content/telegraph/football/2021/11/23/manchester-united-vs-villarreal-live-score-champions-league/jcr:content
a3-migrated-live-article-p1-02-03-2022-1 : /content/telegraph/business/2021/11/24/ftse-100-markets-live-news-energy-cbi-tube-strike/jcr:content
a3-migrated-live-article-p1-02-03-2022-1 : /content/telegraph/news/2021/11/24/hessle-fire-explosions-heard-firefighters-tackle-huge-blaze/jcr:content
a3-migrated-live-article-p1-02-03-2022-1 : /content/telegraph/football/2021/11/24/manchester-city-vs-psg-live-score-champions-league-lionel-messi/jcr:content
a3-migrated-live-article-p1-02-03-2022-1 : /content/telegraph/football/2021/11/24/liverpool-vs-porto-champions-league-live-score-latest-updates/jcr:content
a3-migrated-live-article-p1-02-03-2022-1 : /content/telegraph/global-health/science-and-disease/covid-new-south-african-variant-strain-lockdown-restrictions/jcr:content
a3-migrated-live-article-p1-02-03-2022-1 : /content/telegraph/football/2021/11/27/brighton-vs-leeds-live-score-premier-league-latest-updates/jcr:content
a3-migrated-live-article-p1-02-03-2022-1 : /content/telegraph/tennis/2021/11/28/emma-raducanu-vs-elena-ruse-live-score-champions-tournament/jcr:content
a3-migrated-live-article-p1-02-03-2022-1 : /content/telegraph/politics/2021/11/29/boris-johnson-news-brexit-israel-migrant-crisis-angela-rayner/jcr:content
a3-migrated-live-article-p1-02-03-2022-1 : /content/telegraph/womens-sport/2021/11/30/england-women-vs-latvia-women-world-cup-qualifier-live-score/jcr:content
a3-migrated-live-article-p1-02-03-2022-1 : /content/telegraph/world-news/2021/11/19/covid-news-coronavirus-lockdown-europe-cases-deaths-booster/jcr:content
a3-migrated-live-article-p1-02-03-2022-1 : /content/telegraph/politics/2021/12/01/brexit-boris-johnson-keir-starmer-pmqs-vaccine-isolation/jcr:content
a3-migrated-live-article-p1-02-03-2022-1 : /content/telegraph/football/2021/12/02/tottenham-hotspur-vs-brentford-premier-league-live-score-latest1/jcr:content
a3-migrated-live-article-p1-02-03-2022-1 : /content/telegraph/travel/news/covid-travel-news-latest-restrictions-rules-usa-uk-france/jcr:content
a3-migrated-live-article-p1-02-03-2022-1 : /content/telegraph/world-news/2021/12/02/ghislaine-maxwell-trial-latest-news-jeffrey-epstein-court-live/jcr:content
a3-migrated-live-article-p1-02-03-2022-1 : /content/telegraph/world-news/2021/12/03/ghislaine-maxwell-trial-latest-news-court-live-andrew-epstein/jcr:content
a3-migrated-live-article-p1-02-03-2022-1 : /content/telegraph/formula-1/2021/12/04/saudi-arabia-grand-prix-2021-qualifying-f1-live-jeddah/jcr:content
a3-migrated-live-article-p1-02-03-2022-1 : /content/telegraph/football/2021/12/05/aston-villa-leicester-premier-league-live-score-latest-updates/jcr:content
a3-migrated-live-article-p1-02-03-2022-1 : /content/telegraph/politics/2021/12/06/boris-johnson-news-dominic-raab-booster-drugs-myanmar-brexit/jcr:content
a3-migrated-live-article-p1-02-03-2022-1 : /content/telegraph/world-news/2021/12/06/covid-news-coronavirus-booster-jabs-omicron-cases-europe-lockdown/jcr:content
a3-migrated-live-article-p1-02-03-2022-1 : /content/telegraph/football/2021/12/06/everton-arsenal-live-score-latest-updates-premier-league/jcr:content
a3-migrated-live-article-p1-02-03-2022-1 : /content/telegraph/politics/2021/12/07/boris-johnson-sajid-javid-civil-service-afghanistan-tory-brexit/jcr:content
a3-migrated-live-article-p1-02-03-2022-1 : /content/telegraph/football/2021/12/07/rb-leipzig-vs-manchester-city-live-champions-league-score-latest/jcr:content
a3-migrated-live-article-p1-02-03-2022-1 : /content/telegraph/football/2021/12/07/ac-milan-vs-liverpool-live-champions-league-score-latest-updates/jcr:content
a3-migrated-live-article-p1-02-03-2022-1 : /content/telegraph/world-news/2021/12/07/ghislaine-maxwell-news-trial-latest-live-jeffrey-epstein-mansion/jcr:content
a3-migrated-live-article-p1-02-03-2022-1 : /content/telegraph/cricket/2021/12/07/australia-vs-england-ashes-2021-22-live-score-updates-first/jcr:content
a3-migrated-live-article-p1-02-03-2022-1 : /content/telegraph/travel/news/covid-travel-news-restrictions-disruption-europe-holidays-skiing/jcr:content
a3-migrated-live-article-p1-02-03-2022-1 : /content/telegraph/politics/2021/12/08/boris-johnson-allegra-stratton-downing-street-party-starmer/jcr:content
a3-migrated-live-article-p1-02-03-2022-1 : /content/telegraph/football/2021/12/12/leicester-vs-newcastle-premier-league-live-score-latest-updates/jcr:content
a3-migrated-live-article-p1-02-03-2022-1 : /content/telegraph/politics/2021/12/12/boris-johnson-tory-rebellion-plan-b-downing-street-zoom-christmas/jcr:content
a3-migrated-live-article-p1-02-03-2022-1 : /content/telegraph/global-health/science-and-disease/covid-news-booster-cases-vaccine-passport-coronavirus-omicron2/jcr:content
a3-migrated-live-article-p1-02-03-2022-1 : /content/telegraph/politics/2021/12/12/covid-alert-level-4-boris-johnson-announcement-booster-jabs/jcr:content
a3-migrated-live-article-p1-02-03-2022-1 : /content/telegraph/global-health/science-and-disease/covid-news-uk-booster-jabs-vaccine-omicron-level-4-cases/jcr:content
a3-migrated-live-article-p1-02-03-2022-1 : /content/telegraph/global-health/science-and-disease/covid-news-vaccine-booster-jab-restrictions-latest-cases-figures/jcr:content
a3-migrated-live-article-p1-02-03-2022-1 : /content/telegraph/business/2021/12/14/ftse-100-markets-live-news-uk-economy-covid-shares/jcr:content
a3-migrated-live-article-p1-02-03-2022-1 : /content/telegraph/business/2021/12/15/ftse-100-markets-live-news-inflation-bitcoin-covid-shares/jcr:content
a3-migrated-live-article-p1-02-03-2022-1 : /content/telegraph/global-health/science-and-disease/covid-news-vaccine-booster-jab-restrictions-omicron-symptoms/jcr:content
a3-migrated-live-article-p1-02-03-2022-1 : /content/telegraph/football/2021/12/15/crystal-palace-vs-southampton-live-score-premier-league-latest/jcr:content
a3-migrated-live-article-p1-02-03-2022-1 : /content/telegraph/travel/news/covid-travel-latest-rules-uk-restrictions-test-christmas-holiday/jcr:content
a3-migrated-live-article-p1-02-03-2022-1 : /content/telegraph/business/2021/12/17/ftse-100-markets-live-news-bank-england-rates-covid/jcr:content
a3-migrated-live-article-p1-02-03-2022-1 : /content/telegraph/world-news/2021/12/20/ghislaine-maxwell-trial-latest-news-sex-trafficking-case-closing/jcr:content
a3-migrated-live-article-p1-02-03-2022-1 : /content/telegraph/global-health/science-and-disease/covid-news-cases-christmas-restrictions-test-booster-vaccine/jcr:content
a3-migrated-live-article-p1-02-03-2022-1 : /content/telegraph/football/2021/12/28/leicester-city-vs-liverpool-live-score-premier-league-latest/jcr:content
a3-migrated-live-article-p1-02-03-2022-1 : /content/telegraph/global-health/science-and-disease/covid-latest-news-rules-restrictions-wales-boosters-omicron/jcr:content
a3-migrated-live-article-p1-02-03-2022-1 : /content/telegraph/football/2022/01/02/chelsea-liverpool-live-score-latest-updates-premier-league/jcr:content
a3-migrated-live-article-p1-02-03-2022-1 : /content/telegraph/football/2022/01/01/crystal-palace-vs-west-ham-premier-league-live-score-latest/jcr:content
a3-migrated-live-article-p1-02-03-2022-1 : /content/telegraph/global-health/science-and-disease/covid-news-omicron-schools-facemasks-tests-lateral-flow-vaccine/jcr:content
a3-migrated-live-article-p1-02-03-2022-1 : /content/telegraph/cricket/2022/01/05/australia-vs-england-ashes-2021-22-live-score-day-two-fourth/jcr:content
a3-migrated-live-article-p1-02-03-2022-1 : /content/telegraph/world-news/2022/01/06/novak-djokovic-australian-open-vaccine-medical-exemption-visa/jcr:content
a3-migrated-live-article-p1-02-03-2022-1 : /content/telegraph/business/2022/01/07/ftse-100-markets-live-energy-pound-tax-national-insurance/jcr:content
a3-migrated-live-article-p1-02-03-2022-1 : /content/telegraph/football/2022/01/09/liverpool-vs-shrewsbury-town-fa-cup-live-score-latest-updates/jcr:content
a3-migrated-live-article-p1-02-03-2022-1 : /content/telegraph/business/2022/01/10/ftse-100-markets-live-news-share-prices-energy-unemployment/jcr:content
a3-migrated-live-article-p1-02-03-2022-1 : /content/telegraph/football/2022/01/18/brighton-vs-chelsea-live-score-premier-league-latest-updates/jcr:content
a3-migrated-live-article-p1-02-03-2022-1 : /content/telegraph/politics/2022/01/19/boris-johnson-pmqs-pork-pie-rebels-tory-cummings-news/jcr:content
a3-migrated-live-article-p1-02-03-2022-1 : /content/telegraph/politics/2022/01/21/boris-johnson-news-parties-sue-gray-tory-rebels-blackmail/jcr:content
a3-migrated-live-article-p1-02-03-2022-1 : /content/telegraph/football/2022/01/22/manchester-united-west-ham-newcastle-premier-league-live-score/jcr:content
a3-migrated-live-article-p1-02-03-2022-1 : /content/telegraph/tennis/2022/01/27/australian-open-semi-final-live-score-ashleigh-barty-vs-madison/jcr:content
a3-migrated-live-article-p1-02-03-2022-1 : /content/telegraph/tennis/2022/01/27/australian-open-semi-final-live-score-danielle-collins-vs-iga2/jcr:content
a3-migrated-live-article-p1-02-03-2022-1 : /content/telegraph/world-news/2022/01/27/ukraine-latest-news-soldier-shoots-dead-five-fellow-servicemen/jcr:content
a3-migrated-live-article-p1-02-03-2022-1 : /content/telegraph/tennis/2022/01/28/australian-open-semi-final-live-score-stefanos-tsitsipas-vs/jcr:content
a3-migrated-live-article-p1-02-03-2022-1 : /content/telegraph/football/2021/11/25/ns-mura-vs-tottenham-europa-conference-league-live-score-latest/jcr:content
a3-migrated-live-article-p1-02-03-2022-1 : /content/telegraph/football/2021/11/25/leicester-city-vs-legia-warsaw-europa-league-live-score-latest2/jcr:content
a3-migrated-live-article-p1-02-03-2022-1 : /content/telegraph/football/2021/11/27/liverpool-vs-southampton-live-score-premier-league-latest-updates/jcr:content
a3-migrated-live-article-p1-02-03-2022-1 : /content/telegraph/world-news/2021/11/27/covid-news-coronavirus-variant-strain-omicron-africa-europe/jcr:content
a3-migrated-live-article-p1-02-03-2022-1 : /content/telegraph/business/2021/11/30/ftse-100-index-markets-live-news-shares-twitter-omicron/jcr:content
a3-migrated-live-article-p1-02-03-2022-1 : /content/telegraph/politics/2021/12/03/boris-johnson-news-bexley-by-election-starmer-labour-brexit/jcr:content
a3-migrated-live-article-p1-02-03-2022-1 : /content/telegraph/business/2021/12/03/ftse-100-markets-live-news-latest-pound-bitcoin-energy/jcr:content
a3-migrated-live-article-p1-02-03-2022-1 : /content/telegraph/football/2021/12/04/watford-vs-manchester-city-live-score-premier-league-latest/jcr:content
a3-migrated-live-article-p1-02-03-2022-1 : /content/telegraph/football/2021/12/04/wolves-vs-liverpool-live-score-premier-league-clockwatch-goals/jcr:content
a3-migrated-live-article-p1-02-03-2022-1 : /content/telegraph/business/2021/12/06/ftse-100-markets-live-news-tesco-mortgage-omicron-bitcoin/jcr:content
a3-migrated-live-article-p1-02-03-2022-1 : /content/telegraph/world-news/2021/12/06/ghislaine-maxwell-news-trial-latest-court-live-andrew-epstein/jcr:content
a3-migrated-live-article-p1-02-03-2022-1 : /content/telegraph/business/2021/12/07/ftse-100-markets-live-news-pound-money-inflation-investment/jcr:content
a3-migrated-live-article-p1-02-03-2022-1 : /content/telegraph/business/2021/12/08/ftse-100-index-markets-live-news-omicron-apple-energy/jcr:content
a3-migrated-live-article-p1-02-03-2022-1 : /content/telegraph/business/2021/12/09/ftse-100-markets-live-news-covid-plan-b-omicron-pound/jcr:content
a3-migrated-live-article-p1-02-03-2022-1 : /content/telegraph/global-health/science-and-disease/covid-news-coronavirus-booster-jab-omicron-cases-deaths-rules/jcr:content
a3-migrated-live-article-p1-02-03-2022-1 : /content/telegraph/business/2021/12/10/ftse-100-markets-live-news-covid-rules-support-oil/jcr:content
a3-migrated-live-article-p1-02-03-2022-1 : /content/telegraph/world-news/2021/12/10/ghislaine-maxwell-trial-live-latest-news-jeffrey-epstein-photos/jcr:content
a3-migrated-live-article-p1-02-03-2022-1 : /content/telegraph/sport/2021/12/11/norwich-city-vs-manchester-united-live-score-latest-updates/jcr:content
a3-migrated-live-article-p1-02-03-2022-1 : /content/telegraph/global-health/science-and-disease/covid-news-coronavirus-omicron-stealth-variant-cases-vaccine/jcr:content
a3-migrated-live-article-p1-02-03-2022-1 : /content/telegraph/football/2021/12/14/manchester-city-vs-leeds-united-live-score-premier-league-latest/jcr:content
a3-migrated-live-article-p1-02-03-2022-1 : /content/telegraph/football/2021/12/14/norwich-city-vs-aston-villa-live-premier-league-score-latest/jcr:content
a3-migrated-live-article-p1-02-03-2022-1 : /content/telegraph/global-health/science-and-disease/covid-news-booster-test-vaccine-jab-nhs-cases-omicron/jcr:content
a3-migrated-live-article-p1-02-03-2022-1 : /content/telegraph/cricket/2021/12/17/australia-vs-england-ashes-2021-22-live-score-updates-second2/jcr:content
a3-migrated-live-article-p1-02-03-2022-1 : /content/telegraph/politics/2021/12/17/boris-johnson-news-brexit-christmas-north-shropshire-tory-labour/jcr:content
a3-migrated-live-article-p1-02-03-2022-1 : /content/telegraph/global-health/science-and-disease/covid-news-vaccine-booster-jab-cases-test-nhs-omicron/jcr:content
a3-migrated-live-article-p1-02-03-2022-1 : /content/telegraph/cricket/2021/12/20/australia-vs-england-ashes-2021-22-live-score-updates-second/jcr:content
a3-migrated-live-article-p1-02-03-2022-1 : /content/telegraph/business/2021/12/20/ftse-100-markets-live-news-interest-rates-inflation-banks/jcr:content
a3-migrated-live-article-p1-02-03-2022-1 : /content/telegraph/global-health/science-and-disease/covid-news-cases-astrazeneca-oxford-vaccine-christmas-restrictions/jcr:content
a3-migrated-live-article-p1-02-03-2022-1 : /content/telegraph/football/2021/12/26/man-city-arsenal-brighton-premier-league-live-score-goals-clockwatch/jcr:content
a3-migrated-live-article-p1-02-03-2022-1 : /content/telegraph/cricket/2021/12/27/australia-vs-england-ashes-202122-live-score-day-three-third/jcr:content
a3-migrated-live-article-p1-02-03-2022-1 : /content/telegraph/football/2021/12/29/brentford-vs-manchester-city-premier-league-live-score-latest/jcr:content
a3-migrated-live-article-p1-02-03-2022-1 : /content/telegraph/world-news/2021/12/29/ghislaine-maxwell-guilty-five-charges-sex-trafficking-trial/jcr:content
a3-migrated-live-article-p1-02-03-2022-1 : /content/telegraph/world-news/2021/12/22/ghislaine-maxwell-trial-news-latest-andrew-epstein-verdict-live/jcr:content
a3-migrated-live-article-p1-02-03-2022-1 : /content/telegraph/cricket/2022/01/04/australia-vs-england-ashes-2021-22-live-score-updates-fourth/jcr:content
a3-migrated-live-article-p1-02-03-2022-1 : /content/telegraph/politics/2022/01/05/boris-johnson-testing-rules-isolation-schools-keir-starmer-pmqs/jcr:content
a3-migrated-live-article-p1-02-03-2022-1 : /content/telegraph/football/2022/01/05/chelsea-vs-tottenham-live-carabao-cup-semi-final-score-latest/jcr:content
a3-migrated-live-article-p1-02-03-2022-1 : /content/telegraph/news/2022/01/06/gatwick-divert-flights-problem-air-traffic-control-tower/jcr:content
a3-migrated-live-article-p1-02-03-2022-1 : /content/telegraph/business/2022/01/06/ftse-100-markets-live-energy-prices-gas-crisis-pound/jcr:content
a3-migrated-live-article-p1-02-03-2022-1 : /content/telegraph/politics/2022/01/07/rishi-sunak-income-tax-colston-four-boris-johnson/jcr:content
a3-migrated-live-article-p1-02-03-2022-1 : /content/telegraph/football/2022/01/08/millwall-vs-crystal-palace-live-score-fa-cup-latest-updates/jcr:content
a3-migrated-live-article-p1-02-03-2022-1 : /content/telegraph/world-news/2022/01/09/novak-djokovic-latest-news-australian-open-verdict-covid-vaccine/jcr:content
a3-migrated-live-article-p1-02-03-2022-1 : /content/telegraph/politics/2022/01/11/boris-johnson-news-lockdown-party-carrie-isolation-email/jcr:content
a3-migrated-live-article-p1-02-03-2022-1 : /content/telegraph/business/2022/01/12/ftse-100-markets-live-news-shares-pound-inflation-energy/jcr:content
a3-migrated-live-article-p1-02-03-2022-1 : /content/telegraph/business/2022/01/13/ftse-100-markets-live-news-inflation-energy-shares-pound/jcr:content
a3-migrated-live-article-p1-02-03-2022-1 : /content/telegraph/football/2022/01/13/liverpool-vs-arsenal-carabao-cup-live-score-latest-updates/jcr:content
a3-migrated-live-article-p1-02-03-2022-1 : /content/telegraph/business/2022/01/14/ftse-100-markets-live-energy-price-inflation-shares-pound/jcr:content
a3-migrated-live-article-p1-02-03-2022-1 : /content/telegraph/football/2022/01/15/man-city-vs-chelsea-live-score-premier-league-latest-updates/jcr:content
a3-migrated-live-article-p1-02-03-2022-1 : /content/telegraph/cricket/2022/01/16/australia-vs-england-ashes-2021-22-live-score-fifth-test-updates/jcr:content
a3-migrated-live-article-p1-02-03-2022-1 : /content/telegraph/football/2022/01/16/west-ham-vs-leeds-united-live-premier-league-score-latest-updates/jcr:content
a3-migrated-live-article-p1-02-03-2022-1 : /content/telegraph/world-news/2022/01/16/tonga-volcano-tsunami-warnings-us-japan-tell-citizens-get-away/jcr:content
a3-migrated-live-article-p1-02-03-2022-1 : /content/telegraph/tennis/2022/01/17/australian-open-2022-live-day-one-updates-barty-zverev-djokovic/jcr:content
a3-migrated-live-article-p1-02-03-2022-1 : /content/telegraph/global-health/science-and-disease/covid-latest-news-self-isolation-rules-tests-cases-vaccine/jcr:content
a3-migrated-live-article-p1-02-03-2022-1 : /content/telegraph/football/2022/01/19/leicester-city-vs-tottenham-live-premier-league-score-latest/jcr:content
a3-migrated-live-article-p1-02-03-2022-1 : /content/telegraph/football/2022/01/19/brentford-vs-manchester-united-premier-league-live-score-latest/jcr:content
a3-migrated-live-article-p1-02-03-2022-1 : /content/telegraph/tennis/2022/01/20/emma-raducanu-vs-danka-kovinic-live-score-australian-open-2022/jcr:content
a3-migrated-live-article-p1-02-03-2022-1 : /content/telegraph/global-health/science-and-disease/covid-latest-news-rule-change-masks-plan-b-measures/jcr:content
a3-migrated-live-article-p1-02-03-2022-1 : /content/telegraph/global-health/science-and-disease/covid-latest-news-coronavirus-cases-vaccine-tests-nhs/jcr:content
a3-migrated-live-article-p1-02-03-2022-1 : /content/telegraph/tennis/2022/01/21/rafael-nadal-vs-karen-khachanov-live-score-australian-open-2022/jcr:content
a3-migrated-live-article-p1-02-03-2022-1 : /content/telegraph/football/2022/01/23/chelsea-vs-tottenham-hotspur-premier-league-live-score-latest/jcr:content
a3-migrated-live-article-p1-02-03-2022-1 : /content/telegraph/politics/2022/01/24/boris-johnson-news-sue-gray-parties-nusrat-ghani/jcr:content
a3-migrated-live-article-p1-02-03-2022-1 : /content/telegraph/politics/2022/01/26/boris-johnson-party-pmqs-sue-gray-report-keir-starmer/jcr:content
a3-migrated-live-article-p1-02-03-2022-1 : /content/telegraph/business/2022/01/26/ftse-100-markets-live-news-national-insurance-share-price/jcr:content
a3-migrated-live-article-p1-02-03-2022-1 : /content/telegraph/cricket/2022/01/26/west-indies-vs-england-third-t20-live-score-latest-updates-barbados/jcr:content
a3-migrated-live-article-p1-02-03-2022-1 : /content/telegraph/politics/2022/01/28/sue-gray-report-boris-johnson-downing-street-party-release/jcr:content
a3-migrated-live-article-p1-02-03-2022-1 : /content/telegraph/tennis/2022/01/30/rafael-nadal-vs-daniil-medvedev-australian-open-final-live-score/jcr:content
